<?xml version="1.0" encoding="UTF-8"?>
<!-- Generated by org.testng.reporters.JUnitReportReporter -->
<testsuite skipped="0" hostname="DESKTOP-803K56V" name="com.OrangeHRM.testCases.TC002_VerifyForgotYourPasswordLink" tests="1" failures="0" timestamp="13 Nov 2022 17:25:15 GMT" time="8.956" errors="0">
  <testcase name="forgotYourPasswordTest" time="8.956" classname="com.OrangeHRM.testCases.TC002_VerifyForgotYourPasswordLink"/>
</testsuite> <!-- com.OrangeHRM.testCases.TC002_VerifyForgotYourPasswordLink -->
